<?xml version="1.0" encoding="UTF-8"?>
<!-- Generated by org.testng.reporters.JUnitReportReporter -->
<testsuite hostname="DESKTOP-ARFFENO" failures="0" tests="6" name="TESTNGPROGRAMS.ParamTest" time="0.398" errors="0" timestamp="2024-08-07T15:06:42 IST" skipped="0">
  <testcase classname="TESTNGPROGRAMS.ParamTest" name="testlogo" time="0.069"/>
  <system-out/>
  <testcase classname="TESTNGPROGRAMS.ParamTest" name="testlogo" time="0.119"/>
  <system-out/>
  <testcase classname="TESTNGPROGRAMS.ParamTest" name="testTitle" time="0.047"/>
  <system-out/>
  <testcase classname="TESTNGPROGRAMS.ParamTest" name="testTitle" time="0.119"/>
  <system-out/>
  <testcase classname="TESTNGPROGRAMS.ParamTest" name="testurl" time="0.032"/>
  <system-out/>
  <testcase classname="TESTNGPROGRAMS.ParamTest" name="testurl" time="0.012"/>
  <system-out/>
</testsuite> <!-- TESTNGPROGRAMS.ParamTest -->
