<?xml version="1.0" encoding="UTF-8"?>
<!-- Generated by org.testng.reporters.JUnitReportReporter -->
<testsuite hostname="DESKTOP-ARFFENO" failures="0" tests="3" name="TESTNGPROGRAMS.TestCase1" time="0.014" errors="0" timestamp="2024-08-05T22:57:46 IST" skipped="0">
  <testcase classname="TESTNGPROGRAMS.TestCase1" name="openapp" time="0.011"/>
  <system-out/>
  <testcase classname="TESTNGPROGRAMS.TestCase1" name="Login" time="0.001"/>
  <system-out/>
  <testcase classname="TESTNGPROGRAMS.TestCase1" name="Logout" time="0.002"/>
  <system-out/>
</testsuite> <!-- TESTNGPROGRAMS.TestCase1 -->
